<?xml version="1.0" encoding="UTF-8"?>
<!-- Generated by org.testng.reporters.JUnitReportReporter -->
<testsuite name="Test.GmailLoginTest" tests="1" time="6.178" ignored="0" failures="0" timestamp="23 Mar 2017 16:36:07 GMT" skipped="0" hostname="NDI-LAP-369" errors="0">
  <testcase name="gmailSingup" time="6.178" classname="Test.GmailLoginTest"/>
</testsuite> <!-- Test.GmailLoginTest -->
